ARM GAS  C:\Users\YBOURA~1\AppData\Local\Temp\cclqRrH9.s 			page 1


   1              		.cpu cortex-m0
   2              		.fpu softvfp
   3              		.eabi_attribute 20, 1
   4              		.eabi_attribute 21, 1
   5              		.eabi_attribute 23, 3
   6              		.eabi_attribute 24, 1
   7              		.eabi_attribute 25, 1
   8              		.eabi_attribute 26, 1
   9              		.eabi_attribute 30, 6
  10              		.eabi_attribute 34, 0
  11              		.eabi_attribute 18, 4
  12              		.code	16
  13              		.file	"common.c"
  14              		.text
  15              	.Ltext0:
  16              		.cfi_sections	.debug_frame
  17              		.section	.text._write,"ax",%progbits
  18              		.align	2
  19              		.global	_write
  20              		.code	16
  21              		.thumb_func
  22              		.type	_write, %function
  23              	_write:
  24              	.LFB35:
  25              		.file 1 ".\\common.c"
   1:.\common.c    **** /*******************************************************************************
   2:.\common.c    **** * File Name: debug.c
   3:.\common.c    **** *
   4:.\common.c    **** * Version: 1.0
   5:.\common.c    **** *
   6:.\common.c    **** * Description:
   7:.\common.c    **** *  This file contains functions for printf functionality.
   8:.\common.c    **** *
   9:.\common.c    **** * Hardware Dependency:
  10:.\common.c    **** *  CY8CKIT-042 BLE
  11:.\common.c    **** *
  12:.\common.c    **** ********************************************************************************
  13:.\common.c    **** * Copyright 2014, Cypress Semiconductor Corporation.  All rights reserved.
  14:.\common.c    **** * You may use this file only in accordance with the license, terms, conditions,
  15:.\common.c    **** * disclaimers, and limitations in the end user license agreement accompanying
  16:.\common.c    **** * the software package with which this file was provided.
  17:.\common.c    **** *******************************************************************************/
  18:.\common.c    **** 
  19:.\common.c    **** #include <project.h>
  20:.\common.c    **** #include <stdio.h>
  21:.\common.c    **** 
  22:.\common.c    **** 
  23:.\common.c    **** #if defined(__ARMCC_VERSION)
  24:.\common.c    **** 
  25:.\common.c    **** /* For MDK/RVDS compiler revise fputc function for printf functionality */
  26:.\common.c    **** struct __FILE
  27:.\common.c    **** {
  28:.\common.c    ****     int handle;
  29:.\common.c    **** };
  30:.\common.c    **** 
  31:.\common.c    **** enum
  32:.\common.c    **** {
ARM GAS  C:\Users\YBOURA~1\AppData\Local\Temp\cclqRrH9.s 			page 2


  33:.\common.c    ****     STDIN_HANDLE,
  34:.\common.c    ****     STDOUT_HANDLE,
  35:.\common.c    ****     STDERR_HANDLE
  36:.\common.c    **** };
  37:.\common.c    **** 
  38:.\common.c    **** FILE __stdin = {STDIN_HANDLE};
  39:.\common.c    **** FILE __stdout = {STDOUT_HANDLE};
  40:.\common.c    **** FILE __stderr = {STDERR_HANDLE};
  41:.\common.c    **** 
  42:.\common.c    **** int fputc(int ch, FILE *file)
  43:.\common.c    **** {
  44:.\common.c    ****     int ret = EOF;
  45:.\common.c    **** 
  46:.\common.c    ****     switch( file->handle )
  47:.\common.c    ****     {
  48:.\common.c    ****         case STDOUT_HANDLE:
  49:.\common.c    ****             UART_DEB_UartPutChar(ch);
  50:.\common.c    ****             ret = ch ;
  51:.\common.c    ****             break ;
  52:.\common.c    **** 
  53:.\common.c    ****         case STDERR_HANDLE:
  54:.\common.c    ****             ret = ch ;
  55:.\common.c    ****             break ;
  56:.\common.c    **** 
  57:.\common.c    ****         default:
  58:.\common.c    ****             file = file;
  59:.\common.c    ****             break ;
  60:.\common.c    ****     }
  61:.\common.c    ****     return ret ;
  62:.\common.c    **** }
  63:.\common.c    **** 
  64:.\common.c    **** #elif defined (__ICCARM__)      /* IAR */
  65:.\common.c    **** 
  66:.\common.c    **** /* For IAR compiler revise __write() function for printf functionality */
  67:.\common.c    **** size_t __write(int handle, const unsigned char * buffer, size_t size)
  68:.\common.c    **** {
  69:.\common.c    ****     size_t nChars = 0;
  70:.\common.c    **** 
  71:.\common.c    ****     if (buffer == 0)
  72:.\common.c    ****     {
  73:.\common.c    ****         /*
  74:.\common.c    ****          * This means that we should flush internal buffers.  Since we
  75:.\common.c    ****          * don't we just return.  (Remember, "handle" == -1 means that all
  76:.\common.c    ****          * handles should be flushed.)
  77:.\common.c    ****          */
  78:.\common.c    ****         return (0);
  79:.\common.c    ****     }
  80:.\common.c    **** 
  81:.\common.c    ****     for (/* Empty */; size != 0; --size)
  82:.\common.c    ****     {
  83:.\common.c    ****         UART_DEB_UartPutChar(*buffer++);
  84:.\common.c    ****         ++nChars;
  85:.\common.c    ****     }
  86:.\common.c    **** 
  87:.\common.c    ****     return (nChars);
  88:.\common.c    **** }
  89:.\common.c    **** 
ARM GAS  C:\Users\YBOURA~1\AppData\Local\Temp\cclqRrH9.s 			page 3


  90:.\common.c    **** #else  /* (__GNUC__)  GCC */
  91:.\common.c    **** 
  92:.\common.c    **** /* For GCC compiler revise _write() function for printf functionality */
  93:.\common.c    **** int _write(int file, char *ptr, int len)
  94:.\common.c    **** {
  26              		.loc 1 94 0
  27              		.cfi_startproc
  28 0000 80B5     		push	{r7, lr}
  29              		.cfi_def_cfa_offset 8
  30              		.cfi_offset 7, -8
  31              		.cfi_offset 14, -4
  32 0002 86B0     		sub	sp, sp, #24
  33              		.cfi_def_cfa_offset 32
  34 0004 00AF     		add	r7, sp, #0
  35              		.cfi_def_cfa_register 7
  36 0006 F860     		str	r0, [r7, #12]
  37 0008 B960     		str	r1, [r7, #8]
  38 000a 7A60     		str	r2, [r7, #4]
  95:.\common.c    ****     int i;
  96:.\common.c    ****     file = file;
  97:.\common.c    ****     for (i = 0; i < len; i++)
  39              		.loc 1 97 0
  40 000c 0023     		mov	r3, #0
  41 000e 7B61     		str	r3, [r7, #20]
  42 0010 09E0     		b	.L2
  43              	.L3:
  98:.\common.c    ****     {
  99:.\common.c    ****         UART_UartPutChar(*ptr++);
  44              		.loc 1 99 0 discriminator 3
  45 0012 BB68     		ldr	r3, [r7, #8]
  46 0014 5A1C     		add	r2, r3, #1
  47 0016 BA60     		str	r2, [r7, #8]
  48 0018 1B78     		ldrb	r3, [r3]
  49 001a 181C     		mov	r0, r3
  50 001c FFF7FEFF 		bl	UART_SpiUartWriteTxData
  97:.\common.c    ****     {
  51              		.loc 1 97 0 discriminator 3
  52 0020 7B69     		ldr	r3, [r7, #20]
  53 0022 0133     		add	r3, r3, #1
  54 0024 7B61     		str	r3, [r7, #20]
  55              	.L2:
  97:.\common.c    ****     {
  56              		.loc 1 97 0 is_stmt 0 discriminator 1
  57 0026 7A69     		ldr	r2, [r7, #20]
  58 0028 7B68     		ldr	r3, [r7, #4]
  59 002a 9A42     		cmp	r2, r3
  60 002c F1DB     		blt	.L3
 100:.\common.c    ****     }
 101:.\common.c    ****     return len;
  61              		.loc 1 101 0 is_stmt 1
  62 002e 7B68     		ldr	r3, [r7, #4]
 102:.\common.c    **** }
  63              		.loc 1 102 0
  64 0030 181C     		mov	r0, r3
  65 0032 BD46     		mov	sp, r7
  66 0034 06B0     		add	sp, sp, #24
  67              		@ sp needed
ARM GAS  C:\Users\YBOURA~1\AppData\Local\Temp\cclqRrH9.s 			page 4


  68 0036 80BD     		pop	{r7, pc}
  69              		.cfi_endproc
  70              	.LFE35:
  71              		.size	_write, .-_write
  72              		.text
  73              	.Letext0:
  74              		.file 2 "Generated_Source\\PSoC4/cytypes.h"
  75              		.section	.debug_info,"",%progbits
  76              	.Ldebug_info0:
  77 0000 E1000000 		.4byte	0xe1
  78 0004 0400     		.2byte	0x4
  79 0006 00000000 		.4byte	.Ldebug_abbrev0
  80 000a 04       		.byte	0x4
  81 000b 01       		.uleb128 0x1
  82 000c 06010000 		.4byte	.LASF14
  83 0010 01       		.byte	0x1
  84 0011 BC000000 		.4byte	.LASF15
  85 0015 22000000 		.4byte	.LASF16
  86 0019 00000000 		.4byte	.Ldebug_ranges0+0
  87 001d 00000000 		.4byte	0
  88 0021 00000000 		.4byte	.Ldebug_line0
  89 0025 02       		.uleb128 0x2
  90 0026 01       		.byte	0x1
  91 0027 06       		.byte	0x6
  92 0028 E1000000 		.4byte	.LASF0
  93 002c 02       		.uleb128 0x2
  94 002d 01       		.byte	0x1
  95 002e 08       		.byte	0x8
  96 002f 9B000000 		.4byte	.LASF1
  97 0033 02       		.uleb128 0x2
  98 0034 02       		.byte	0x2
  99 0035 05       		.byte	0x5
 100 0036 F3000000 		.4byte	.LASF2
 101 003a 02       		.uleb128 0x2
 102 003b 02       		.byte	0x2
 103 003c 07       		.byte	0x7
 104 003d CE000000 		.4byte	.LASF3
 105 0041 02       		.uleb128 0x2
 106 0042 04       		.byte	0x4
 107 0043 05       		.byte	0x5
 108 0044 AE000000 		.4byte	.LASF4
 109 0048 02       		.uleb128 0x2
 110 0049 04       		.byte	0x4
 111 004a 07       		.byte	0x7
 112 004b 6B000000 		.4byte	.LASF5
 113 004f 02       		.uleb128 0x2
 114 0050 08       		.byte	0x8
 115 0051 05       		.byte	0x5
 116 0052 00000000 		.4byte	.LASF6
 117 0056 02       		.uleb128 0x2
 118 0057 08       		.byte	0x8
 119 0058 07       		.byte	0x7
 120 0059 7D000000 		.4byte	.LASF7
 121 005d 03       		.uleb128 0x3
 122 005e 04       		.byte	0x4
 123 005f 05       		.byte	0x5
 124 0060 696E7400 		.ascii	"int\000"
ARM GAS  C:\Users\YBOURA~1\AppData\Local\Temp\cclqRrH9.s 			page 5


 125 0064 02       		.uleb128 0x2
 126 0065 04       		.byte	0x4
 127 0066 07       		.byte	0x7
 128 0067 15000000 		.4byte	.LASF8
 129 006b 04       		.uleb128 0x4
 130 006c 0E000000 		.4byte	.LASF17
 131 0070 02       		.byte	0x2
 132 0071 C4       		.byte	0xc4
 133 0072 48000000 		.4byte	0x48
 134 0076 02       		.uleb128 0x2
 135 0077 04       		.byte	0x4
 136 0078 04       		.byte	0x4
 137 0079 ED000000 		.4byte	.LASF9
 138 007d 02       		.uleb128 0x2
 139 007e 08       		.byte	0x8
 140 007f 04       		.byte	0x4
 141 0080 C7000000 		.4byte	.LASF10
 142 0084 02       		.uleb128 0x2
 143 0085 01       		.byte	0x1
 144 0086 08       		.byte	0x8
 145 0087 A9000000 		.4byte	.LASF11
 146 008b 02       		.uleb128 0x2
 147 008c 04       		.byte	0x4
 148 008d 07       		.byte	0x7
 149 008e FD000000 		.4byte	.LASF12
 150 0092 05       		.uleb128 0x5
 151 0093 04       		.byte	0x4
 152 0094 84000000 		.4byte	0x84
 153 0098 06       		.uleb128 0x6
 154 0099 94000000 		.4byte	.LASF18
 155 009d 01       		.byte	0x1
 156 009e 5D       		.byte	0x5d
 157 009f 5D000000 		.4byte	0x5d
 158 00a3 00000000 		.4byte	.LFB35
 159 00a7 38000000 		.4byte	.LFE35-.LFB35
 160 00ab 01       		.uleb128 0x1
 161 00ac 9C       		.byte	0x9c
 162 00ad 07       		.uleb128 0x7
 163 00ae B7000000 		.4byte	.LASF13
 164 00b2 01       		.byte	0x1
 165 00b3 5D       		.byte	0x5d
 166 00b4 5D000000 		.4byte	0x5d
 167 00b8 02       		.uleb128 0x2
 168 00b9 91       		.byte	0x91
 169 00ba 6C       		.sleb128 -20
 170 00bb 08       		.uleb128 0x8
 171 00bc 70747200 		.ascii	"ptr\000"
 172 00c0 01       		.byte	0x1
 173 00c1 5D       		.byte	0x5d
 174 00c2 92000000 		.4byte	0x92
 175 00c6 02       		.uleb128 0x2
 176 00c7 91       		.byte	0x91
 177 00c8 68       		.sleb128 -24
 178 00c9 08       		.uleb128 0x8
 179 00ca 6C656E00 		.ascii	"len\000"
 180 00ce 01       		.byte	0x1
 181 00cf 5D       		.byte	0x5d
ARM GAS  C:\Users\YBOURA~1\AppData\Local\Temp\cclqRrH9.s 			page 6


 182 00d0 5D000000 		.4byte	0x5d
 183 00d4 02       		.uleb128 0x2
 184 00d5 91       		.byte	0x91
 185 00d6 64       		.sleb128 -28
 186 00d7 09       		.uleb128 0x9
 187 00d8 6900     		.ascii	"i\000"
 188 00da 01       		.byte	0x1
 189 00db 5F       		.byte	0x5f
 190 00dc 5D000000 		.4byte	0x5d
 191 00e0 02       		.uleb128 0x2
 192 00e1 91       		.byte	0x91
 193 00e2 74       		.sleb128 -12
 194 00e3 00       		.byte	0
 195 00e4 00       		.byte	0
 196              		.section	.debug_abbrev,"",%progbits
 197              	.Ldebug_abbrev0:
 198 0000 01       		.uleb128 0x1
 199 0001 11       		.uleb128 0x11
 200 0002 01       		.byte	0x1
 201 0003 25       		.uleb128 0x25
 202 0004 0E       		.uleb128 0xe
 203 0005 13       		.uleb128 0x13
 204 0006 0B       		.uleb128 0xb
 205 0007 03       		.uleb128 0x3
 206 0008 0E       		.uleb128 0xe
 207 0009 1B       		.uleb128 0x1b
 208 000a 0E       		.uleb128 0xe
 209 000b 55       		.uleb128 0x55
 210 000c 17       		.uleb128 0x17
 211 000d 11       		.uleb128 0x11
 212 000e 01       		.uleb128 0x1
 213 000f 10       		.uleb128 0x10
 214 0010 17       		.uleb128 0x17
 215 0011 00       		.byte	0
 216 0012 00       		.byte	0
 217 0013 02       		.uleb128 0x2
 218 0014 24       		.uleb128 0x24
 219 0015 00       		.byte	0
 220 0016 0B       		.uleb128 0xb
 221 0017 0B       		.uleb128 0xb
 222 0018 3E       		.uleb128 0x3e
 223 0019 0B       		.uleb128 0xb
 224 001a 03       		.uleb128 0x3
 225 001b 0E       		.uleb128 0xe
 226 001c 00       		.byte	0
 227 001d 00       		.byte	0
 228 001e 03       		.uleb128 0x3
 229 001f 24       		.uleb128 0x24
 230 0020 00       		.byte	0
 231 0021 0B       		.uleb128 0xb
 232 0022 0B       		.uleb128 0xb
 233 0023 3E       		.uleb128 0x3e
 234 0024 0B       		.uleb128 0xb
 235 0025 03       		.uleb128 0x3
 236 0026 08       		.uleb128 0x8
 237 0027 00       		.byte	0
 238 0028 00       		.byte	0
ARM GAS  C:\Users\YBOURA~1\AppData\Local\Temp\cclqRrH9.s 			page 7


 239 0029 04       		.uleb128 0x4
 240 002a 16       		.uleb128 0x16
 241 002b 00       		.byte	0
 242 002c 03       		.uleb128 0x3
 243 002d 0E       		.uleb128 0xe
 244 002e 3A       		.uleb128 0x3a
 245 002f 0B       		.uleb128 0xb
 246 0030 3B       		.uleb128 0x3b
 247 0031 0B       		.uleb128 0xb
 248 0032 49       		.uleb128 0x49
 249 0033 13       		.uleb128 0x13
 250 0034 00       		.byte	0
 251 0035 00       		.byte	0
 252 0036 05       		.uleb128 0x5
 253 0037 0F       		.uleb128 0xf
 254 0038 00       		.byte	0
 255 0039 0B       		.uleb128 0xb
 256 003a 0B       		.uleb128 0xb
 257 003b 49       		.uleb128 0x49
 258 003c 13       		.uleb128 0x13
 259 003d 00       		.byte	0
 260 003e 00       		.byte	0
 261 003f 06       		.uleb128 0x6
 262 0040 2E       		.uleb128 0x2e
 263 0041 01       		.byte	0x1
 264 0042 3F       		.uleb128 0x3f
 265 0043 19       		.uleb128 0x19
 266 0044 03       		.uleb128 0x3
 267 0045 0E       		.uleb128 0xe
 268 0046 3A       		.uleb128 0x3a
 269 0047 0B       		.uleb128 0xb
 270 0048 3B       		.uleb128 0x3b
 271 0049 0B       		.uleb128 0xb
 272 004a 27       		.uleb128 0x27
 273 004b 19       		.uleb128 0x19
 274 004c 49       		.uleb128 0x49
 275 004d 13       		.uleb128 0x13
 276 004e 11       		.uleb128 0x11
 277 004f 01       		.uleb128 0x1
 278 0050 12       		.uleb128 0x12
 279 0051 06       		.uleb128 0x6
 280 0052 40       		.uleb128 0x40
 281 0053 18       		.uleb128 0x18
 282 0054 9642     		.uleb128 0x2116
 283 0056 19       		.uleb128 0x19
 284 0057 00       		.byte	0
 285 0058 00       		.byte	0
 286 0059 07       		.uleb128 0x7
 287 005a 05       		.uleb128 0x5
 288 005b 00       		.byte	0
 289 005c 03       		.uleb128 0x3
 290 005d 0E       		.uleb128 0xe
 291 005e 3A       		.uleb128 0x3a
 292 005f 0B       		.uleb128 0xb
 293 0060 3B       		.uleb128 0x3b
 294 0061 0B       		.uleb128 0xb
 295 0062 49       		.uleb128 0x49
ARM GAS  C:\Users\YBOURA~1\AppData\Local\Temp\cclqRrH9.s 			page 8


 296 0063 13       		.uleb128 0x13
 297 0064 02       		.uleb128 0x2
 298 0065 18       		.uleb128 0x18
 299 0066 00       		.byte	0
 300 0067 00       		.byte	0
 301 0068 08       		.uleb128 0x8
 302 0069 05       		.uleb128 0x5
 303 006a 00       		.byte	0
 304 006b 03       		.uleb128 0x3
 305 006c 08       		.uleb128 0x8
 306 006d 3A       		.uleb128 0x3a
 307 006e 0B       		.uleb128 0xb
 308 006f 3B       		.uleb128 0x3b
 309 0070 0B       		.uleb128 0xb
 310 0071 49       		.uleb128 0x49
 311 0072 13       		.uleb128 0x13
 312 0073 02       		.uleb128 0x2
 313 0074 18       		.uleb128 0x18
 314 0075 00       		.byte	0
 315 0076 00       		.byte	0
 316 0077 09       		.uleb128 0x9
 317 0078 34       		.uleb128 0x34
 318 0079 00       		.byte	0
 319 007a 03       		.uleb128 0x3
 320 007b 08       		.uleb128 0x8
 321 007c 3A       		.uleb128 0x3a
 322 007d 0B       		.uleb128 0xb
 323 007e 3B       		.uleb128 0x3b
 324 007f 0B       		.uleb128 0xb
 325 0080 49       		.uleb128 0x49
 326 0081 13       		.uleb128 0x13
 327 0082 02       		.uleb128 0x2
 328 0083 18       		.uleb128 0x18
 329 0084 00       		.byte	0
 330 0085 00       		.byte	0
 331 0086 00       		.byte	0
 332              		.section	.debug_aranges,"",%progbits
 333 0000 1C000000 		.4byte	0x1c
 334 0004 0200     		.2byte	0x2
 335 0006 00000000 		.4byte	.Ldebug_info0
 336 000a 04       		.byte	0x4
 337 000b 00       		.byte	0
 338 000c 0000     		.2byte	0
 339 000e 0000     		.2byte	0
 340 0010 00000000 		.4byte	.LFB35
 341 0014 38000000 		.4byte	.LFE35-.LFB35
 342 0018 00000000 		.4byte	0
 343 001c 00000000 		.4byte	0
 344              		.section	.debug_ranges,"",%progbits
 345              	.Ldebug_ranges0:
 346 0000 00000000 		.4byte	.LFB35
 347 0004 38000000 		.4byte	.LFE35
 348 0008 00000000 		.4byte	0
 349 000c 00000000 		.4byte	0
 350              		.section	.debug_line,"",%progbits
 351              	.Ldebug_line0:
 352 0000 6F000000 		.section	.debug_str,"MS",%progbits,1
ARM GAS  C:\Users\YBOURA~1\AppData\Local\Temp\cclqRrH9.s 			page 9


 352      02004500 
 352      00000201 
 352      FB0E0D00 
 352      01010101 
 353              	.LASF6:
 354 0000 6C6F6E67 		.ascii	"long long int\000"
 354      206C6F6E 
 354      6720696E 
 354      7400
 355              	.LASF17:
 356 000e 75696E74 		.ascii	"uint32\000"
 356      333200
 357              	.LASF8:
 358 0015 756E7369 		.ascii	"unsigned int\000"
 358      676E6564 
 358      20696E74 
 358      00
 359              	.LASF16:
 360 0022 433A5C55 		.ascii	"C:\\Users\\ybourassa\\Documents\\GitHub\\PROC-OBSER"
 360      73657273 
 360      5C79626F 
 360      75726173 
 360      73615C44 
 361 0050 5645522D 		.ascii	"VER-BLE\\YAB Observer.cydsn\000"
 361      424C455C 
 361      59414220 
 361      4F627365 
 361      72766572 
 362              	.LASF5:
 363 006b 6C6F6E67 		.ascii	"long unsigned int\000"
 363      20756E73 
 363      69676E65 
 363      6420696E 
 363      7400
 364              	.LASF7:
 365 007d 6C6F6E67 		.ascii	"long long unsigned int\000"
 365      206C6F6E 
 365      6720756E 
 365      7369676E 
 365      65642069 
 366              	.LASF18:
 367 0094 5F777269 		.ascii	"_write\000"
 367      746500
 368              	.LASF1:
 369 009b 756E7369 		.ascii	"unsigned char\000"
 369      676E6564 
 369      20636861 
 369      7200
 370              	.LASF11:
 371 00a9 63686172 		.ascii	"char\000"
 371      00
 372              	.LASF4:
 373 00ae 6C6F6E67 		.ascii	"long int\000"
 373      20696E74 
 373      00
 374              	.LASF13:
 375 00b7 66696C65 		.ascii	"file\000"
ARM GAS  C:\Users\YBOURA~1\AppData\Local\Temp\cclqRrH9.s 			page 10


 375      00
 376              	.LASF15:
 377 00bc 2E5C636F 		.ascii	".\\common.c\000"
 377      6D6D6F6E 
 377      2E6300
 378              	.LASF10:
 379 00c7 646F7562 		.ascii	"double\000"
 379      6C6500
 380              	.LASF3:
 381 00ce 73686F72 		.ascii	"short unsigned int\000"
 381      7420756E 
 381      7369676E 
 381      65642069 
 381      6E7400
 382              	.LASF0:
 383 00e1 7369676E 		.ascii	"signed char\000"
 383      65642063 
 383      68617200 
 384              	.LASF9:
 385 00ed 666C6F61 		.ascii	"float\000"
 385      7400
 386              	.LASF2:
 387 00f3 73686F72 		.ascii	"short int\000"
 387      7420696E 
 387      7400
 388              	.LASF12:
 389 00fd 73697A65 		.ascii	"sizetype\000"
 389      74797065 
 389      00
 390              	.LASF14:
 391 0106 474E5520 		.ascii	"GNU C 4.9.3 20150303 (release) [ARM/embedded-4_9-br"
 391      4320342E 
 391      392E3320 
 391      32303135 
 391      30333033 
 392 0139 616E6368 		.ascii	"anch revision 221220] -mcpu=cortex-m0 -mthumb -g -O"
 392      20726576 
 392      6973696F 
 392      6E203232 
 392      31323230 
 393 016c 30202D66 		.ascii	"0 -ffunction-sections -ffat-lto-objects\000"
 393      66756E63 
 393      74696F6E 
 393      2D736563 
 393      74696F6E 
 394              		.ident	"GCC: (GNU Tools for ARM Embedded Processors) 4.9.3 20150303 (release) [ARM/embedded-4_9-br
